[03:41:56] Using gulpfile /www/wwwroot/mini_wggai_com/storage/app/public/gulpfile.js
[03:41:56] Starting 'less-watch'...
[03:41:56] Finished 'less-watch' after 7.26 ms
[03:42:12] Starting 'less'...
[03:42:12] Finished 'less' after 8.09 ms
[03:43:00] Using gulpfile /www/wwwroot/mini_wggai_com/storage/app/public/gulpfile.js
[03:43:00] Starting 'less-watch'...
[03:43:00] Finished 'less-watch' after 7.21 ms
[03:43:03] Starting 'less'...
[03:43:03] Finished 'less' after 8.06 ms
[03:43:29] Starting 'less'...
[03:43:29] Finished 'less' after 1.7 ms
[03:43:55] Starting 'less'...
[03:43:55] Finished 'less' after 1.1 ms
[03:44:14] Starting 'less'...
[03:44:14] Finished 'less' after 794 μs
[03:45:57] Starting 'less'...
[03:45:57] Finished 'less' after 718 μs
[03:46:27] Starting 'less'...
[03:46:27] Finished 'less' after 719 μs
[03:46:43] Starting 'less'...
[03:46:43] Finished 'less' after 763 μs
[03:46:48] Starting 'less'...
[03:46:48] Finished 'less' after 2.63 ms
[03:47:10] Starting 'less'...
[03:47:10] Finished 'less' after 690 μs
[03:47:20] Starting 'less'...
[03:47:20] Finished 'less' after 667 μs
[03:47:29] Starting 'less'...
[03:47:29] Finished 'less' after 739 μs
[03:47:36] Starting 'less'...
[03:47:36] Finished 'less' after 743 μs
[03:47:40] Starting 'less'...
[03:47:40] Finished 'less' after 675 μs
[03:47:53] Starting 'less'...
[03:47:53] Finished 'less' after 2.86 ms
[03:48:05] Starting 'less'...
[03:48:05] Finished 'less' after 2.19 ms
[03:48:53] Starting 'less'...
[03:48:53] Finished 'less' after 1.18 ms
[03:50:16] Starting 'less'...
[03:50:16] Finished 'less' after 3.56 ms
[03:57:26] Starting 'less'...
[03:57:26] Finished 'less' after 664 μs
[04:00:49] Starting 'less'...
[04:00:49] Finished 'less' after 654 μs
[04:02:31] Starting 'less'...
[04:02:31] Finished 'less' after 681 μs
[04:02:39] Starting 'less'...
[04:02:39] Finished 'less' after 735 μs
[04:02:48] Starting 'less'...
[04:02:48] Finished 'less' after 742 μs
[04:03:38] Starting 'less'...
[04:03:38] Finished 'less' after 1.53 ms
[04:04:38] Starting 'less'...
[04:04:38] Finished 'less' after 725 μs
[04:04:47] Starting 'less'...
[04:04:47] Finished 'less' after 676 μs
[04:05:13] Starting 'less'...
[04:05:13] Finished 'less' after 653 μs
[04:05:21] Starting 'less'...
[04:05:21] Finished 'less' after 661 μs
[04:05:36] Starting 'less'...
[04:05:36] Finished 'less' after 687 μs
[04:06:55] Starting 'less'...
[04:06:55] Finished 'less' after 658 μs
[04:06:57] Starting 'less'...
[04:06:57] Finished 'less' after 714 μs
[04:07:14] Starting 'less'...
[04:07:14] Finished 'less' after 702 μs
[04:07:38] Starting 'less'...
[04:07:38] Finished 'less' after 655 μs
[04:07:39] Starting 'less'...
[04:07:39] Finished 'less' after 742 μs
[04:09:39] Starting 'less'...
[04:09:39] Finished 'less' after 669 μs
[04:09:47] Starting 'less'...
[04:09:47] Finished 'less' after 702 μs
[04:10:03] Starting 'less'...
[04:10:03] Finished 'less' after 693 μs
[04:10:41] Starting 'less'...
[04:10:41] Finished 'less' after 707 μs
[04:10:41] Starting 'less'...
[04:10:41] Finished 'less' after 729 μs
[04:10:54] Starting 'less'...
[04:10:54] Finished 'less' after 692 μs
[04:10:55] Starting 'less'...
[04:10:55] Finished 'less' after 652 μs
[04:11:07] Starting 'less'...
[04:11:07] Finished 'less' after 902 μs
[04:11:30] Starting 'less'...
[04:11:30] Finished 'less' after 703 μs
[04:11:30] Starting 'less'...
[04:11:30] Finished 'less' after 726 μs
[04:12:00] Starting 'less'...
[04:12:00] Finished 'less' after 4.37 ms
[04:12:34] Starting 'less'...
[04:12:34] Finished 'less' after 632 μs
[04:12:38] Starting 'less'...
[04:12:38] Finished 'less' after 647 μs
[04:12:38] Starting 'less'...
[04:12:38] Finished 'less' after 754 μs
[04:13:05] Starting 'less'...
[04:13:05] Finished 'less' after 669 μs
[04:13:11] Starting 'less'...
[04:13:11] Finished 'less' after 646 μs
[04:13:16] Starting 'less'...
[04:13:16] Finished 'less' after 5.4 ms
[04:13:49] Starting 'less'...
[04:13:49] Finished 'less' after 665 μs
[04:13:49] Starting 'less'...
[04:13:49] Finished 'less' after 628 μs
[04:13:50] Starting 'less'...
[04:13:50] Finished 'less' after 692 μs
[04:14:06] Starting 'less'...
[04:14:06] Finished 'less' after 636 μs
[04:15:41] Starting 'less'...
[04:15:41] Finished 'less' after 584 μs
[04:15:56] Starting 'less'...
[04:15:56] Finished 'less' after 646 μs
[04:16:10] Starting 'less'...
[04:16:10] Finished 'less' after 634 μs
[04:16:31] Starting 'less'...
[04:16:31] Finished 'less' after 2.34 ms
[04:16:31] Starting 'less'...
[04:16:31] Finished 'less' after 2.46 ms
[04:16:56] Starting 'less'...
[04:16:56] Finished 'less' after 590 μs
[04:17:19] Starting 'less'...
[04:17:19] Finished 'less' after 4.23 ms
[04:17:23] Starting 'less'...
[04:17:23] Finished 'less' after 671 μs
[04:17:58] Starting 'less'...
[04:17:58] Finished 'less' after 639 μs
[04:18:05] Starting 'less'...
[04:18:05] Finished 'less' after 641 μs
[04:18:41] Starting 'less'...
[04:18:41] Finished 'less' after 677 μs
[04:18:44] Starting 'less'...
[04:18:44] Finished 'less' after 671 μs
[04:18:48] Starting 'less'...
[04:18:48] Finished 'less' after 648 μs
[04:19:17] Starting 'less'...
[04:19:17] Finished 'less' after 1 ms
[04:19:17] Starting 'less'...
[04:19:17] Finished 'less' after 1.93 ms
[04:19:27] Starting 'less'...
[04:19:27] Finished 'less' after 585 μs
[04:19:37] Starting 'less'...
[04:19:37] Finished 'less' after 604 μs
[04:20:02] Starting 'less'...
[04:20:02] Finished 'less' after 628 μs
[04:20:21] Starting 'less'...
[04:20:21] Finished 'less' after 645 μs
[04:20:28] Starting 'less'...
[04:20:28] Finished 'less' after 602 μs
[04:20:29] Starting 'less'...
[04:20:29] Finished 'less' after 589 μs
[04:20:30] Starting 'less'...
[04:20:30] Finished 'less' after 659 μs
[04:21:26] Starting 'less'...
[04:21:26] Finished 'less' after 1.13 ms
[04:22:08] Starting 'less'...
[04:22:08] Finished 'less' after 552 μs
[04:22:09] Starting 'less'...
[04:22:09] Finished 'less' after 557 μs
[04:22:11] Starting 'less'...
[04:22:11] Finished 'less' after 578 μs
[04:22:32] Starting 'less'...
[04:22:32] Finished 'less' after 641 μs
[04:22:33] Starting 'less'...
[04:22:33] Finished 'less' after 591 μs
[04:22:47] Starting 'less'...
[04:22:47] Finished 'less' after 593 μs
[04:22:47] Starting 'less'...
[04:22:47] Finished 'less' after 592 μs
[04:23:46] Starting 'less'...
[04:23:46] Finished 'less' after 661 μs
[04:23:46] Starting 'less'...
[04:23:46] Finished 'less' after 613 μs
[04:24:08] Starting 'less'...
[04:24:08] Finished 'less' after 623 μs
[04:24:46] Starting 'less'...
[04:24:46] Finished 'less' after 600 μs
[04:26:53] Starting 'less'...
[04:26:53] Finished 'less' after 642 μs
[04:27:07] Starting 'less'...
[04:27:07] Finished 'less' after 627 μs
[04:27:20] Starting 'less'...
[04:27:20] Finished 'less' after 4.05 ms
